<?xml version="1.0" encoding="UTF-8"?>
<testng-results ignored="0" total="1" passed="1" failed="0" skipped="0">
  <reporter-output>
  </reporter-output>
  <suite started-at="2024-01-04T12:25:37 IST" name="Default suite" finished-at="2024-01-04T12:25:50 IST" duration-ms="13272">
    <groups>
    </groups>
    <test started-at="2024-01-04T12:25:37 IST" name="Default test" finished-at="2024-01-04T12:25:50 IST" duration-ms="13272">
      <class name="wordzenith.wordzenith1.start">
        <test-method signature="starttest()[pri:0, instance:wordzenith.wordzenith1.start@c88a337]" started-at="2024-01-04T12:25:37 IST" name="starttest" finished-at="2024-01-04T12:25:50 IST" duration-ms="13237" status="PASS">
          <reporter-output>
          </reporter-output>
        </test-method> <!-- starttest -->
      </class> <!-- wordzenith.wordzenith1.start -->
    </test> <!-- Default test -->
  </suite> <!-- Default suite -->
</testng-results>
